[Licensing::Module] Trying to connect to existing licensing client channel...
Built from '6000.0/staging' branch; Version is '6000.0.67f1 (78a1c2bbeb6a) revision 7905730'; Using compiler version '193933523'; Build Type 'Release'
OS: 'Windows 11  (10.0.26200) Professional' Language: 'en' Physical Memory: 32694 MB
BatchMode: 1, IsHumanControllingUs: 0, StartBugReporterOnCrash: 0, Is64bit: 1
[Licensing::IpcConnector] Successfully connected to: "LicenseClient-Marcu" at "2026-02-13T02:40:46.2886408Z"
System  architecture: x64
Process architecture: x64
Date: 2026-02-13T02:40:46Z

COMMAND LINE ARGUMENTS:
C:\Program Files\Unity\Hub\Editor\6000.0.67f1\Editor\Unity.exe
-adb2
-batchMode
-noUpm
-name
AssetImportWorker1
-projectPath
C:/Users/Marcu/Documents/GitHub/Team02DesignWeek2026/Team02Unity
-logFile
Logs/AssetImportWorker1.log
-srvPort
63603
-licensingIpc
LicenseClient-Marcu
-job-worker-count
5
-background-job-worker-count
8
-gc-helper-count
1
-name
AssetImport
Successfully changed project path to: C:/Users/Marcu/Documents/GitHub/Team02DesignWeek2026/Team02Unity
C:/Users/Marcu/Documents/GitHub/Team02DesignWeek2026/Team02Unity
[UnityMemory] Configuration Parameters - Can be set up in boot.config
    "memorysetup-bucket-allocator-granularity=16"
    "memorysetup-bucket-allocator-bucket-count=8"
    "memorysetup-bucket-allocator-block-size=33554432"
    "memorysetup-bucket-allocator-block-count=8"
    "memorysetup-main-allocator-block-size=16777216"
    "memorysetup-thread-allocator-block-size=16777216"
    "memorysetup-gfx-main-allocator-block-size=16777216"
    "memorysetup-gfx-thread-allocator-block-size=16777216"
    "memorysetup-cache-allocator-block-size=4194304"
    "memorysetup-typetree-allocator-block-size=2097152"
    "memorysetup-profiler-bucket-allocator-granularity=16"
    "memorysetup-profiler-bucket-allocator-bucket-count=8"
    "memorysetup-profiler-bucket-allocator-block-size=33554432"
    "memorysetup-profiler-bucket-allocator-block-count=8"
    "memorysetup-profiler-allocator-block-size=16777216"
    "memorysetup-profiler-editor-allocator-block-size=1048576"
    "memorysetup-temp-allocator-size-main=16777216"
    "memorysetup-job-temp-allocator-block-size=2097152"
    "memorysetup-job-temp-allocator-block-size-background=1048576"
    "memorysetup-job-temp-allocator-reduction-small-platforms=262144"
    "memorysetup-allocator-temp-initial-block-size-main=262144"
    "memorysetup-allocator-temp-initial-block-size-worker=262144"
    "memorysetup-temp-allocator-size-background-worker=32768"
    "memorysetup-temp-allocator-size-job-worker=262144"
    "memorysetup-temp-allocator-size-preload-manager=33554432"
    "memorysetup-temp-allocator-size-nav-mesh-worker=65536"
    "memorysetup-temp-allocator-size-audio-worker=65536"
    "memorysetup-temp-allocator-size-cloud-worker=32768"
    "memorysetup-temp-allocator-size-gi-baking-worker=262144"
    "memorysetup-temp-allocator-size-gi-baking-worker=262144"
    "memorysetup-temp-allocator-size-gi-baking-worker=262144"
    "memorysetup-temp-allocator-size-gi-baking-worker=262144"
    "memorysetup-temp-allocator-size-gi-baking-worker=262144"
    "memorysetup-temp-allocator-size-gfx=262144"
Player connection [29680]  Target information:

Player connection [29680]  * "[IP] 26.198.222.174 [Port] 0 [Flags] 2 [Guid] 2800953567 [EditorId] 2800953567 [Version] 1048832 [Id] WindowsEditor(7,MerengueFairy) [Debug] 1 [PackageName] WindowsEditor [ProjectName] Editor" 

Player connection [29680]  * "[IP] 192.168.40.10 [Port] 0 [Flags] 2 [Guid] 2800953567 [EditorId] 2800953567 [Version] 1048832 [Id] WindowsEditor(7,MerengueFairy) [Debug] 1 [PackageName] WindowsEditor [ProjectName] Editor" 

Player connection [29680] Host joined multi-casting on [225.0.0.222:54997]...
Player connection [29680] Host joined alternative multi-casting on [225.0.0.222:34997]...
JobSystem: Creating JobQueue using job-worker-count value 5
Input System module state changed to: Initialized.
[Physics::Module] Initialized fallback backend.
[Physics::Module] Id: 0xdecafbad
Library Redirect Path: Library/
[Physics::Module] Selected backend.
[Physics::Module] Name: PhysX
[Physics::Module] Id: 0xf2b8ea05
[Physics::Module] SDK Version: 4.1.2
[Physics::Module] Integration Version: 1.0.0
[Physics::Module] Threading Mode: Multi-Threaded
Refreshing native plugins compatible for Editor in 5.87 ms, found 2 plugins.
Preloading 0 native plugins for Editor in 0.00 ms.
Initialize engine version: 6000.0.67f1 (78a1c2bbeb6a)
[Subsystems] Discovering subsystems at path C:/Program Files/Unity/Hub/Editor/6000.0.67f1/Editor/Data/Resources/UnitySubsystems
[Subsystems] Discovering subsystems at path C:/Users/Marcu/Documents/GitHub/Team02DesignWeek2026/Team02Unity/Assets
GfxDevice: creating device client; kGfxThreadingModeNonThreaded
Direct3D:
    Version:  Direct3D 11.0 [level 11.1]
    Renderer: NVIDIA GeForce RTX 3060 (ID=0x2504)
    Vendor:   NVIDIA
    VRAM:     12113 MB
    Driver:   32.0.15.9159
Initialize mono
Mono path[0] = 'C:/Program Files/Unity/Hub/Editor/6000.0.67f1/Editor/Data/Managed'
Mono path[1] = 'C:/Program Files/Unity/Hub/Editor/6000.0.67f1/Editor/Data/MonoBleedingEdge/lib/mono/unityjit-win32'
Mono config path = 'C:/Program Files/Unity/Hub/Editor/6000.0.67f1/Editor/Data/MonoBleedingEdge/etc'
Using monoOptions --debugger-agent=transport=dt_socket,embedding=1,server=y,suspend=n,address=127.0.0.1:56368
Begin MonoManager ReloadAssembly
Registering precompiled unity dll's ...
Register platform support module: C:/Program Files/Unity/Hub/Editor/6000.0.67f1/Editor/Data/PlaybackEngines/WindowsStandaloneSupport/UnityEditor.WindowsStandalone.Extensions.dll
Registered in 0.003305 seconds.
- Loaded All Assemblies, in  0.362 seconds
[Licensing::Client] Handshaking with LicensingClient:
  Version:                 1.17.4+4293ba1
  Session Id:              02d9c15fe4324583b876b4894c59d091
  Correlation Id:          ba0c8d8dee54c94497594211b3e1c850
  External correlation Id: 4606254679014254284
  Machine Id:              iKYgS4kAimEDohcKpwirl0IV0Uk=
[Licensing::Module] Successfully connected to LicensingClient on channel: "LicenseClient-Marcu" (connect: 0.00s, validation: 0.00s, handshake: 0.85s)
[Licensing::IpcConnector] Successfully connected to: "LicenseClient-Marcu-notifications" at "2026-02-13T02:40:47.13642Z"
Native extension for WindowsStandalone target not found
[Licensing::Module] Licensing Background thread has ended after 0.85s
Mono: successfully reloaded assembly
- Finished resetting the current domain, in  0.325 seconds
Domain Reload Profiling: 684ms
	BeginReloadAssembly (127ms)
		ExecutionOrderSort (0ms)
		DisableScriptedObjects (0ms)
		BackupInstance (0ms)
		ReleaseScriptingObjects (0ms)
		CreateAndSetChildDomain (1ms)
	RebuildCommonClasses (35ms)
	RebuildNativeTypeToScriptingClass (12ms)
	initialDomainReloadingComplete (52ms)
	LoadAllAssembliesAndSetupDomain (133ms)
		LoadAssemblies (124ms)
		RebuildTransferFunctionScriptingTraits (0ms)
		AnalyzeDomain (130ms)
			TypeCache.Refresh (129ms)
				TypeCache.ScanAssembly (118ms)
			BuildScriptInfoCaches (0ms)
			ResolveRequiredComponents (0ms)
	FinalizeReload (325ms)
		ReleaseScriptCaches (0ms)
		RebuildScriptCaches (0ms)
		SetupLoadedEditorAssemblies (290ms)
			LogAssemblyErrors (0ms)
			InitializePlatformSupportModulesInManaged (22ms)
			SetLoadedEditorAssemblies (5ms)
			BeforeProcessingInitializeOnLoad (52ms)
			ProcessInitializeOnLoadAttributes (164ms)
			ProcessInitializeOnLoadMethodAttributes (47ms)
			AfterProcessingInitializeOnLoad (0ms)
			EditorAssembliesLoaded (0ms)
		ExecutionOrderSort2 (0ms)
		AwakeInstancesAfterBackupRestoration (0ms)
========================================================================
Worker process is ready to serve import requests
Import Worker Mode flag is 0x00
Begin MonoManager ReloadAssembly
[Licensing::Client] Successfully resolved entitlement details
[Licensing::Module] License group:
  Id: 3574291490911-UnityPersXXXX
  Product: Unity Personal
  Type: Assigned
  Expiration: Unlimited
Symbol file LoadedFromMemory is not a mono symbol file
- Loaded All Assemblies, in  0.614 seconds
Refreshing native plugins compatible for Editor in 4.34 ms, found 2 plugins.
Native extension for WindowsStandalone target not found
Refreshing native plugins compatible for Editor in 4.82 ms, found 2 plugins.
Package Manager log level set to [2]
[Package Manager] Failed to launch server process. Reason: Unity was launched with the -noUpm command-line argument
[Package Manager] Unable to send message (not connected to server process).
[Package Manager] Cannot connect to Unity Package Manager local server
Cancelling DisplayDialog: Error Failed to download MDR; An exception occurred during a WebClient request.
This should not be called in batch mode.
UnityEngine.Debug:ExtractStackTraceNoAlloc (byte*,int,string)
UnityEngine.StackTraceUtility:ExtractStackTrace ()
UnityEditor.EditorUtility:DisplayDialogImpl (string,string,string,string)
UnityEditor.EditorUtility:DisplayDialog (string,string,string,string)
UnityEditor.EditorUtility:DisplayDialog (string,string,string)
UnityEngine.Advertisements.Editor.MobileDependencyResolverInstallerUnity:InstallPackage () (at ./Library/PackageCache/com.unity.ads@e89225828059/Editor/Source/MobileDependencyResolverUnity.cs:114)
UnityEngine.Advertisements.Editor.MobileDependencyResolverInstallerUnity:InstallPlayServicesResolverIfNeeded () (at ./Library/PackageCache/com.unity.ads@e89225828059/Editor/Source/MobileDependencyResolverUnity.cs:48)
System.Reflection.RuntimeMethodInfo:Invoke (object,System.Reflection.BindingFlags,System.Reflection.Binder,object[],System.Globalization.CultureInfo)
System.Reflection.MethodBase:Invoke (object,object[])
UnityEditor.EditorAssemblies:ProcessInitializeOnLoadMethodAttributes ()

[./Library/PackageCache/com.unity.ads@e89225828059/Editor/Source/MobileDependencyResolverUnity.cs line 114]

Mono: successfully reloaded assembly
- Finished resetting the current domain, in  0.708 seconds
Domain Reload Profiling: 1314ms
	BeginReloadAssembly (174ms)
		ExecutionOrderSort (0ms)
		DisableScriptedObjects (7ms)
		BackupInstance (0ms)
		ReleaseScriptingObjects (0ms)
		CreateAndSetChildDomain (30ms)
	RebuildCommonClasses (32ms)
	RebuildNativeTypeToScriptingClass (10ms)
	initialDomainReloadingComplete (40ms)
	LoadAllAssembliesAndSetupDomain (352ms)
		LoadAssemblies (321ms)
		RebuildTransferFunctionScriptingTraits (0ms)
		AnalyzeDomain (126ms)
			TypeCache.Refresh (89ms)
				TypeCache.ScanAssembly (77ms)
			BuildScriptInfoCaches (32ms)
			ResolveRequiredComponents (3ms)
	FinalizeReload (708ms)
		ReleaseScriptCaches (0ms)
		RebuildScriptCaches (0ms)
		SetupLoadedEditorAssemblies (621ms)
			LogAssemblyErrors (0ms)
			InitializePlatformSupportModulesInManaged (2ms)
			SetLoadedEditorAssemblies (3ms)
			BeforeProcessingInitializeOnLoad (92ms)
			ProcessInitializeOnLoadAttributes (382ms)
			ProcessInitializeOnLoadMethodAttributes (136ms)
			AfterProcessingInitializeOnLoad (6ms)
			EditorAssembliesLoaded (0ms)
		ExecutionOrderSort2 (0ms)
		AwakeInstancesAfterBackupRestoration (5ms)
Launched and connected shader compiler UnityShaderCompiler.exe after 0.01 seconds
Refreshing native plugins compatible for Editor in 5.46 ms, found 2 plugins.
Preloading 0 native plugins for Editor in 0.00 ms.
Unloading 0 Unused Serialized files (Serialized files now loaded: 0)
Unloading 2906 unused Assets / (0.7 MB). Loaded Objects now: 3374.
Memory consumption went from 77.7 MB to 77.1 MB.
Total: 8.784700 ms (FindLiveObjects: 0.268900 ms CreateObjectMapping: 0.124900 ms MarkObjects: 7.794800 ms  DeleteObjects: 0.595400 ms)

========================================================================
Received Import Request.
  Time since last request: 41712.254302 seconds.
  path: Assets/Custom Tiles/Walls.prefab
  artifactKey: Guid(83ad515daa15cc14cb23a507769b17f3) Importer(815301076,1909f56bfc062723c751e8b465ee728b)
Start importing Assets/Custom Tiles/Walls.prefab using Guid(83ad515daa15cc14cb23a507769b17f3) Importer(815301076,1909f56bfc062723c751e8b465ee728b) (PreviewImporter) -> (artifact id: '7e2c047e8c6b6a71a3f12faaffa02123') in 0.0897169 seconds
Number of updated asset objects reloaded before import = 0Number of asset objects unloaded after import = 13

========================================================================
Received Import Request.
  Time since last request: 0.000017 seconds.
  path: Assets/Custom Tiles/Parking Lot Palette.prefab
  artifactKey: Guid(1b579992ddd768a4e92b1d29dff83819) Importer(815301076,1909f56bfc062723c751e8b465ee728b)
Start importing Assets/Custom Tiles/Parking Lot Palette.prefab using Guid(1b579992ddd768a4e92b1d29dff83819) Importer(815301076,1909f56bfc062723c751e8b465ee728b) (PreviewImporter) -> (artifact id: '7f7e589005023e9135b2d407a5ef1aba') in 0.0167214 seconds
Number of updated asset objects reloaded before import = 0Number of asset objects unloaded after import = 19

========================================================================
Received Import Request.
  Time since last request: 0.000015 seconds.
  path: Assets/Custom Tiles/Reception Palette.prefab
  artifactKey: Guid(ce390ecb091a2444d9277e4d1c6107c0) Importer(815301076,1909f56bfc062723c751e8b465ee728b)
Start importing Assets/Custom Tiles/Reception Palette.prefab using Guid(ce390ecb091a2444d9277e4d1c6107c0) Importer(815301076,1909f56bfc062723c751e8b465ee728b) (PreviewImporter) -> (artifact id: 'affa7be46a1678749b847577dd2b9a49') in 0.0151872 seconds
Number of updated asset objects reloaded before import = 0Number of asset objects unloaded after import = 31

========================================================================
Received Import Request.
  Time since last request: 0.000015 seconds.
  path: Assets/Custom Tiles/Office.prefab
  artifactKey: Guid(5de5a7937f548be4b9cdda78a532ba07) Importer(815301076,1909f56bfc062723c751e8b465ee728b)
Start importing Assets/Custom Tiles/Office.prefab using Guid(5de5a7937f548be4b9cdda78a532ba07) Importer(815301076,1909f56bfc062723c751e8b465ee728b) (PreviewImporter) -> (artifact id: 'df532e0fe2a3d87b7b98920eb7e676cb') in 0.0161838 seconds
Number of updated asset objects reloaded before import = 0Number of asset objects unloaded after import = 34

========================================================================
Received Import Request.
  Time since last request: 0.586681 seconds.
  path: Assets/Custom Tiles/Office
  artifactKey: Guid(431d52981d03a0f489fb7b2d8003bc90) Importer(815301076,1909f56bfc062723c751e8b465ee728b)
Start importing Assets/Custom Tiles/Office using Guid(431d52981d03a0f489fb7b2d8003bc90) Importer(815301076,1909f56bfc062723c751e8b465ee728b) (PreviewImporter) -> (artifact id: 'da114345030448cb8b8a059e3dde0336') in 0.0005488 seconds
Number of updated asset objects reloaded before import = 0Number of asset objects unloaded after import = 0

========================================================================
Received Import Request.
  Time since last request: 0.098913 seconds.
  path: Assets/Custom Tiles/Office/Beige Capet Horizontal_0.asset
  artifactKey: Guid(2ae8481355c884045bf46122a0ca2c03) Importer(815301076,1909f56bfc062723c751e8b465ee728b)
Start importing Assets/Custom Tiles/Office/Beige Capet Horizontal_0.asset using Guid(2ae8481355c884045bf46122a0ca2c03) Importer(815301076,1909f56bfc062723c751e8b465ee728b) (PreviewImporter) -> (artifact id: '66ecec585a63a0c3a13f69a3402b0c10') in 0.0512909 seconds
Number of updated asset objects reloaded before import = 0Number of asset objects unloaded after import = 3

========================================================================
Received Import Request.
  Time since last request: 0.000017 seconds.
  path: Assets/Custom Tiles/Office/Beige Carpet Vertical.png
  artifactKey: Guid(37e15c3baa1ef184bb6826b1991054c5) Importer(815301076,1909f56bfc062723c751e8b465ee728b)
Start importing Assets/Custom Tiles/Office/Beige Carpet Vertical.png using Guid(37e15c3baa1ef184bb6826b1991054c5) Importer(815301076,1909f56bfc062723c751e8b465ee728b) (PreviewImporter) -> (artifact id: '82e9c1c49c220e0a77945c27dfb6050f') in 0.0273713 seconds
Number of updated asset objects reloaded before import = 0Number of asset objects unloaded after import = 3

========================================================================
Received Import Request.
  Time since last request: 0.000015 seconds.
  path: Assets/Custom Tiles/Office/Grey Carpet Horizontal.png
  artifactKey: Guid(b614c003f1af240489082ec143394c2c) Importer(815301076,1909f56bfc062723c751e8b465ee728b)
Start importing Assets/Custom Tiles/Office/Grey Carpet Horizontal.png using Guid(b614c003f1af240489082ec143394c2c) Importer(815301076,1909f56bfc062723c751e8b465ee728b) (PreviewImporter) -> (artifact id: 'e541db9d73c761109209d0e116542134') in 0.0147978 seconds
Number of updated asset objects reloaded before import = 0Number of asset objects unloaded after import = 3

========================================================================
Received Import Request.
  Time since last request: 0.000080 seconds.
  path: Assets/Custom Tiles/Office/Black Carpet Vertical_0.asset
  artifactKey: Guid(c4e8a5197cae5804293891f43f7b8ccb) Importer(815301076,1909f56bfc062723c751e8b465ee728b)
Start importing Assets/Custom Tiles/Office/Black Carpet Vertical_0.asset using Guid(c4e8a5197cae5804293891f43f7b8ccb) Importer(815301076,1909f56bfc062723c751e8b465ee728b) (PreviewImporter) -> (artifact id: '902d43dc67d27cf5b6b5be1e5a9f2626') in 0.0145789 seconds
Number of updated asset objects reloaded before import = 0Number of asset objects unloaded after import = 3

========================================================================
Received Import Request.
  Time since last request: 0.000018 seconds.
  path: Assets/Custom Tiles/Office/Grey Carpet Vertical_0.asset
  artifactKey: Guid(f3e53a3eb53293e419008376a563cb25) Importer(815301076,1909f56bfc062723c751e8b465ee728b)
Start importing Assets/Custom Tiles/Office/Grey Carpet Vertical_0.asset using Guid(f3e53a3eb53293e419008376a563cb25) Importer(815301076,1909f56bfc062723c751e8b465ee728b) (PreviewImporter) -> (artifact id: '2a51d0cdceaa3f561af8cc57ef90cf21') in 0.0141891 seconds
Number of updated asset objects reloaded before import = 0Number of asset objects unloaded after import = 3

========================================================================
Received Import Request.
  Time since last request: 0.000019 seconds.
  path: Assets/Custom Tiles/Office/Black Carpet Vertical.png
  artifactKey: Guid(e3b842ba5f297324284f6031be00c905) Importer(815301076,1909f56bfc062723c751e8b465ee728b)
Start importing Assets/Custom Tiles/Office/Black Carpet Vertical.png using Guid(e3b842ba5f297324284f6031be00c905) Importer(815301076,1909f56bfc062723c751e8b465ee728b) (PreviewImporter) -> (artifact id: 'a0a03d8c36f3acb540bd332ef99002e0') in 0.0192481 seconds
Number of updated asset objects reloaded before import = 0Number of asset objects unloaded after import = 3

========================================================================
Received Import Request.
  Time since last request: 0.000022 seconds.
  path: Assets/Custom Tiles/Office/Green Carpet Horizontal.png
  artifactKey: Guid(38ad4f9088da14e49b8377140d66e5d5) Importer(815301076,1909f56bfc062723c751e8b465ee728b)
Start importing Assets/Custom Tiles/Office/Green Carpet Horizontal.png using Guid(38ad4f9088da14e49b8377140d66e5d5) Importer(815301076,1909f56bfc062723c751e8b465ee728b) (PreviewImporter) -> (artifact id: '93581d2961166c2e5647b579b6024bec') in 0.0145891 seconds
Number of updated asset objects reloaded before import = 0Number of asset objects unloaded after import = 3

========================================================================
Received Import Request.
  Time since last request: 0.000014 seconds.
  path: Assets/Custom Tiles/Office/Black Carpet Horizontal_0.asset
  artifactKey: Guid(4f13cc4f67c198c4c9c90a96f1d291e0) Importer(815301076,1909f56bfc062723c751e8b465ee728b)
Start importing Assets/Custom Tiles/Office/Black Carpet Horizontal_0.asset using Guid(4f13cc4f67c198c4c9c90a96f1d291e0) Importer(815301076,1909f56bfc062723c751e8b465ee728b) (PreviewImporter) -> (artifact id: '8ad39faea5b785a54b3b03ef4717017f') in 0.013773 seconds
Number of updated asset objects reloaded before import = 0Number of asset objects unloaded after import = 3

========================================================================
Received Import Request.
  Time since last request: 0.000020 seconds.
  path: Assets/Custom Tiles/Office/Green Carpet Horizontal_0.asset
  artifactKey: Guid(e7de3b43ed5608d4fb4a43cb241385f1) Importer(815301076,1909f56bfc062723c751e8b465ee728b)
Start importing Assets/Custom Tiles/Office/Green Carpet Horizontal_0.asset using Guid(e7de3b43ed5608d4fb4a43cb241385f1) Importer(815301076,1909f56bfc062723c751e8b465ee728b) (PreviewImporter) -> (artifact id: '21d6e05cdc47deaac2f32b3c73962cbc') in 0.0118347 seconds
Number of updated asset objects reloaded before import = 0Number of asset objects unloaded after import = 3

========================================================================
Received Import Request.
  Time since last request: 0.000021 seconds.
  path: Assets/Custom Tiles/Office/Grey Carpet Horizontal_0.asset
  artifactKey: Guid(b4a3d44041bd25743b247d46e9be6723) Importer(815301076,1909f56bfc062723c751e8b465ee728b)
Start importing Assets/Custom Tiles/Office/Grey Carpet Horizontal_0.asset using Guid(b4a3d44041bd25743b247d46e9be6723) Importer(815301076,1909f56bfc062723c751e8b465ee728b) (PreviewImporter) -> (artifact id: '0ba40351d3b69b58fcfc4c23a8be76d5') in 0.0143895 seconds
Number of updated asset objects reloaded before import = 0Number of asset objects unloaded after import = 3

