[Licensing::Module] Trying to connect to existing licensing client channel...
Built from '6000.0/staging' branch; Version is '6000.0.67f1 (78a1c2bbeb6a) revision 7905730'; Using compiler version '193933523'; Build Type 'Release'
OS: 'Windows 11  (10.0.26200) Professional' Language: 'en' Physical Memory: 32694 MB
[Licensing::IpcConnector] Successfully connected to: "LicenseClient-Marcu" at "2026-02-13T00:52:53.8064179Z"
BatchMode: 1, IsHumanControllingUs: 0, StartBugReporterOnCrash: 0, Is64bit: 1
System  architecture: x64
Process architecture: x64
Date: 2026-02-13T00:52:53Z

COMMAND LINE ARGUMENTS:
C:\Program Files\Unity\Hub\Editor\6000.0.67f1\Editor\Unity.exe
-adb2
-batchMode
-noUpm
-name
AssetImportWorker2
-projectPath
C:/Users/Marcu/Documents/GitHub/Team02DesignWeek2026/Team02Unity
-logFile
Logs/AssetImportWorker2.log
-srvPort
65086
-licensingIpc
LicenseClient-Marcu
-job-worker-count
5
-background-job-worker-count
8
-gc-helper-count
1
-name
AssetImport
Successfully changed project path to: C:/Users/Marcu/Documents/GitHub/Team02DesignWeek2026/Team02Unity
C:/Users/Marcu/Documents/GitHub/Team02DesignWeek2026/Team02Unity
[UnityMemory] Configuration Parameters - Can be set up in boot.config
    "memorysetup-bucket-allocator-granularity=16"
    "memorysetup-bucket-allocator-bucket-count=8"
    "memorysetup-bucket-allocator-block-size=33554432"
    "memorysetup-bucket-allocator-block-count=8"
    "memorysetup-main-allocator-block-size=16777216"
    "memorysetup-thread-allocator-block-size=16777216"
    "memorysetup-gfx-main-allocator-block-size=16777216"
    "memorysetup-gfx-thread-allocator-block-size=16777216"
    "memorysetup-cache-allocator-block-size=4194304"
    "memorysetup-typetree-allocator-block-size=2097152"
    "memorysetup-profiler-bucket-allocator-granularity=16"
    "memorysetup-profiler-bucket-allocator-bucket-count=8"
    "memorysetup-profiler-bucket-allocator-block-size=33554432"
    "memorysetup-profiler-bucket-allocator-block-count=8"
    "memorysetup-profiler-allocator-block-size=16777216"
    "memorysetup-profiler-editor-allocator-block-size=1048576"
    "memorysetup-temp-allocator-size-main=16777216"
    "memorysetup-job-temp-allocator-block-size=2097152"
    "memorysetup-job-temp-allocator-block-size-background=1048576"
    "memorysetup-job-temp-allocator-reduction-small-platforms=262144"
    "memorysetup-allocator-temp-initial-block-size-main=262144"
    "memorysetup-allocator-temp-initial-block-size-worker=262144"
    "memorysetup-temp-allocator-size-background-worker=32768"
    "memorysetup-temp-allocator-size-job-worker=262144"
    "memorysetup-temp-allocator-size-preload-manager=33554432"
    "memorysetup-temp-allocator-size-nav-mesh-worker=65536"
    "memorysetup-temp-allocator-size-audio-worker=65536"
    "memorysetup-temp-allocator-size-cloud-worker=32768"
    "memorysetup-temp-allocator-size-gi-baking-worker=262144"
    "memorysetup-temp-allocator-size-gi-baking-worker=262144"
    "memorysetup-temp-allocator-size-gi-baking-worker=262144"
    "memorysetup-temp-allocator-size-gi-baking-worker=262144"
    "memorysetup-temp-allocator-size-gi-baking-worker=262144"
    "memorysetup-temp-allocator-size-gfx=262144"
Player connection [2552]  Target information:

Player connection [2552]  * "[IP] 26.198.222.174 [Port] 0 [Flags] 2 [Guid] 1448898809 [EditorId] 1448898809 [Version] 1048832 [Id] WindowsEditor(7,MerengueFairy) [Debug] 1 [PackageName] WindowsEditor [ProjectName] Editor" 

Player connection [2552]  * "[IP] 192.168.40.10 [Port] 0 [Flags] 2 [Guid] 1448898809 [EditorId] 1448898809 [Version] 1048832 [Id] WindowsEditor(7,MerengueFairy) [Debug] 1 [PackageName] WindowsEditor [ProjectName] Editor" 

Player connection [2552] Host joined multi-casting on [225.0.0.222:54997]...
Player connection [2552] Host joined alternative multi-casting on [225.0.0.222:34997]...
JobSystem: Creating JobQueue using job-worker-count value 5
Input System module state changed to: Initialized.
[Physics::Module] Initialized fallback backend.
[Physics::Module] Id: 0xdecafbad
Library Redirect Path: Library/
[Physics::Module] Selected backend.
[Physics::Module] Name: PhysX
[Physics::Module] Id: 0xf2b8ea05
[Physics::Module] SDK Version: 4.1.2
[Physics::Module] Integration Version: 1.0.0
[Physics::Module] Threading Mode: Multi-Threaded
Refreshing native plugins compatible for Editor in 3.38 ms, found 4 plugins.
Preloading 0 native plugins for Editor in 0.00 ms.
Initialize engine version: 6000.0.67f1 (78a1c2bbeb6a)
[Subsystems] Discovering subsystems at path C:/Program Files/Unity/Hub/Editor/6000.0.67f1/Editor/Data/Resources/UnitySubsystems
[Subsystems] Discovering subsystems at path C:/Users/Marcu/Documents/GitHub/Team02DesignWeek2026/Team02Unity/Assets
GfxDevice: creating device client; kGfxThreadingModeNonThreaded
Direct3D:
    Version:  Direct3D 11.0 [level 11.1]
    Renderer: NVIDIA GeForce RTX 3060 (ID=0x2504)
    Vendor:   NVIDIA
    VRAM:     12113 MB
    Driver:   32.0.15.9159
Initialize mono
Mono path[0] = 'C:/Program Files/Unity/Hub/Editor/6000.0.67f1/Editor/Data/Managed'
Mono path[1] = 'C:/Program Files/Unity/Hub/Editor/6000.0.67f1/Editor/Data/MonoBleedingEdge/lib/mono/unityjit-win32'
Mono config path = 'C:/Program Files/Unity/Hub/Editor/6000.0.67f1/Editor/Data/MonoBleedingEdge/etc'
Using monoOptions --debugger-agent=transport=dt_socket,embedding=1,server=y,suspend=n,address=127.0.0.1:56676
Begin MonoManager ReloadAssembly
Registering precompiled unity dll's ...
Register platform support module: C:/Program Files/Unity/Hub/Editor/6000.0.67f1/Editor/Data/PlaybackEngines/WindowsStandaloneSupport/UnityEditor.WindowsStandalone.Extensions.dll
Registered in 0.002950 seconds.
- Loaded All Assemblies, in  0.317 seconds
Native extension for WindowsStandalone target not found
[Licensing::Client] Handshaking with LicensingClient:
  Version:                 1.17.4+4293ba1
  Session Id:              c9d137d1a92048deb1d033f3168c78cb
  Correlation Id:          ba0c8d8dee54c94497594211b3e1c850
  External correlation Id: 2926682072415071181
  Machine Id:              iKYgS4kAimEDohcKpwirl0IV0Uk=
[Licensing::Module] Successfully connected to LicensingClient on channel: "LicenseClient-Marcu" (connect: 0.00s, validation: 0.00s, handshake: 0.76s)
[Licensing::IpcConnector] Successfully connected to: "LicenseClient-Marcu-notifications" at "2026-02-13T00:52:54.5680521Z"
[Licensing::Module] Licensing Background thread has ended after 0.76s
Mono: successfully reloaded assembly
- Finished resetting the current domain, in  0.268 seconds
Domain Reload Profiling: 582ms
	BeginReloadAssembly (112ms)
		ExecutionOrderSort (0ms)
		DisableScriptedObjects (0ms)
		BackupInstance (0ms)
		ReleaseScriptingObjects (0ms)
		CreateAndSetChildDomain (1ms)
	RebuildCommonClasses (29ms)
	RebuildNativeTypeToScriptingClass (9ms)
	initialDomainReloadingComplete (41ms)
	LoadAllAssembliesAndSetupDomain (122ms)
		LoadAssemblies (109ms)
		RebuildTransferFunctionScriptingTraits (0ms)
		AnalyzeDomain (120ms)
			TypeCache.Refresh (119ms)
				TypeCache.ScanAssembly (108ms)
			BuildScriptInfoCaches (0ms)
			ResolveRequiredComponents (0ms)
	FinalizeReload (268ms)
		ReleaseScriptCaches (0ms)
		RebuildScriptCaches (0ms)
		SetupLoadedEditorAssemblies (228ms)
			LogAssemblyErrors (0ms)
			InitializePlatformSupportModulesInManaged (20ms)
			SetLoadedEditorAssemblies (3ms)
			BeforeProcessingInitializeOnLoad (45ms)
			ProcessInitializeOnLoadAttributes (119ms)
			ProcessInitializeOnLoadMethodAttributes (40ms)
			AfterProcessingInitializeOnLoad (0ms)
			EditorAssembliesLoaded (0ms)
		ExecutionOrderSort2 (0ms)
		AwakeInstancesAfterBackupRestoration (0ms)
========================================================================
Worker process is ready to serve import requests
Import Worker Mode flag is 0x00
Begin MonoManager ReloadAssembly
[Licensing::Client] Successfully resolved entitlement details
[Licensing::Module] License group:
  Id: 3574291490911-UnityPersXXXX
  Product: Unity Personal
  Type: Assigned
  Expiration: Unlimited
- Loaded All Assemblies, in  0.728 seconds
Refreshing native plugins compatible for Editor in 1.92 ms, found 4 plugins.
Native extension for WindowsStandalone target not found
Package Manager log level set to [2]
[Package Manager] Failed to launch server process. Reason: Unity was launched with the -noUpm command-line argument
[Package Manager] Unable to send message (not connected to server process).
[Package Manager] Cannot connect to Unity Package Manager local server
Mono: successfully reloaded assembly
- Finished resetting the current domain, in  0.841 seconds
Domain Reload Profiling: 1563ms
	BeginReloadAssembly (150ms)
		ExecutionOrderSort (0ms)
		DisableScriptedObjects (6ms)
		BackupInstance (0ms)
		ReleaseScriptingObjects (0ms)
		CreateAndSetChildDomain (26ms)
	RebuildCommonClasses (31ms)
	RebuildNativeTypeToScriptingClass (11ms)
	initialDomainReloadingComplete (35ms)
	LoadAllAssembliesAndSetupDomain (494ms)
		LoadAssemblies (338ms)
		RebuildTransferFunctionScriptingTraits (0ms)
		AnalyzeDomain (237ms)
			TypeCache.Refresh (158ms)
				TypeCache.ScanAssembly (146ms)
			BuildScriptInfoCaches (67ms)
			ResolveRequiredComponents (9ms)
	FinalizeReload (841ms)
		ReleaseScriptCaches (0ms)
		RebuildScriptCaches (0ms)
		SetupLoadedEditorAssemblies (717ms)
			LogAssemblyErrors (0ms)
			InitializePlatformSupportModulesInManaged (2ms)
			SetLoadedEditorAssemblies (5ms)
			BeforeProcessingInitializeOnLoad (110ms)
			ProcessInitializeOnLoadAttributes (497ms)
			ProcessInitializeOnLoadMethodAttributes (97ms)
			AfterProcessingInitializeOnLoad (5ms)
			EditorAssembliesLoaded (0ms)
		ExecutionOrderSort2 (0ms)
		AwakeInstancesAfterBackupRestoration (6ms)
Launched and connected shader compiler UnityShaderCompiler.exe after 0.01 seconds
Refreshing native plugins compatible for Editor in 2.04 ms, found 4 plugins.
Preloading 0 native plugins for Editor in 0.00 ms.
Unloading 13 Unused Serialized files (Serialized files now loaded: 0)
Unloading 6770 unused Assets / (4.4 MB). Loaded Objects now: 7491.
Memory consumption went from 143.4 MB to 139.0 MB.
Total: 8.498500 ms (FindLiveObjects: 0.674200 ms CreateObjectMapping: 0.441500 ms MarkObjects: 5.387800 ms  DeleteObjects: 1.994200 ms)

========================================================================
Received Import Request.
  Time since last request: 35245.360999 seconds.
  path: Assets/Custom Tiles/Parking Lot Carpet D.png
  artifactKey: Guid(03ccd6d1645b6304ba77b07fbda3095e) Importer(815301076,1909f56bfc062723c751e8b465ee728b)
Start importing Assets/Custom Tiles/Parking Lot Carpet D.png using Guid(03ccd6d1645b6304ba77b07fbda3095e) Importer(815301076,1909f56bfc062723c751e8b465ee728b) (PreviewImporter) -> (artifact id: 'a0142c2ed36fb3447777b1fe7966d36e') in 0.0809059 seconds
Number of updated asset objects reloaded before import = 0Number of asset objects unloaded after import = 3

========================================================================
Received Import Request.
  Time since last request: 7.704593 seconds.
  path: Assets/Custom Tiles/Reception Carpet M.png
  artifactKey: Guid(2152f58c9489156469b02b2636706c92) Importer(815301076,1909f56bfc062723c751e8b465ee728b)
Start importing Assets/Custom Tiles/Reception Carpet M.png using Guid(2152f58c9489156469b02b2636706c92) Importer(815301076,1909f56bfc062723c751e8b465ee728b) (PreviewImporter) -> (artifact id: 'c55e0e069d0e3a413891400fe8ac82b3') in 0.0117913 seconds
Number of updated asset objects reloaded before import = 0Number of asset objects unloaded after import = 3

========================================================================
Received Import Request.
  Time since last request: 0.000016 seconds.
  path: Assets/Custom Tiles/Receptile Carpet D.png
  artifactKey: Guid(24ed85ce2112e5f4aaa4049fcd2b9875) Importer(815301076,1909f56bfc062723c751e8b465ee728b)
Start importing Assets/Custom Tiles/Receptile Carpet D.png using Guid(24ed85ce2112e5f4aaa4049fcd2b9875) Importer(815301076,1909f56bfc062723c751e8b465ee728b) (PreviewImporter) -> (artifact id: '26aed3d3c08cd8fe27d298e1b8205c63') in 0.0118651 seconds
Number of updated asset objects reloaded before import = 0Number of asset objects unloaded after import = 3

========================================================================
Received Import Request.
  Time since last request: 20.045785 seconds.
  path: Assets/Custom Tiles/Receptile Carpet D_0.asset
  artifactKey: Guid(23ba1ce8e15063248bae8916469d02c0) Importer(815301076,1909f56bfc062723c751e8b465ee728b)
Start importing Assets/Custom Tiles/Receptile Carpet D_0.asset using Guid(23ba1ce8e15063248bae8916469d02c0) Importer(815301076,1909f56bfc062723c751e8b465ee728b) (PreviewImporter) -> (artifact id: '4da6fa3516eb0ef099405ed478152d9a') in 0.018914 seconds
Number of updated asset objects reloaded before import = 0Number of asset objects unloaded after import = 3

========================================================================
Received Import Request.
  Time since last request: 5.220654 seconds.
  path: Assets/Custom Tiles/Reception Carpet M_0.asset
  artifactKey: Guid(348eeb40a53e98a41b9e642cd7f8a226) Importer(815301076,1909f56bfc062723c751e8b465ee728b)
Start importing Assets/Custom Tiles/Reception Carpet M_0.asset using Guid(348eeb40a53e98a41b9e642cd7f8a226) Importer(815301076,1909f56bfc062723c751e8b465ee728b) (PreviewImporter) -> (artifact id: '9550cdde565a243d1b5d2a41aa7262c2') in 0.0125771 seconds
Number of updated asset objects reloaded before import = 0Number of asset objects unloaded after import = 3

========================================================================
Received Import Request.
  Time since last request: 5.537906 seconds.
  path: Assets/Custom Tiles/Reception Carpet V_0.asset
  artifactKey: Guid(daf0eed8d9244f3468eb6b8bf24b5a4f) Importer(815301076,1909f56bfc062723c751e8b465ee728b)
Start importing Assets/Custom Tiles/Reception Carpet V_0.asset using Guid(daf0eed8d9244f3468eb6b8bf24b5a4f) Importer(815301076,1909f56bfc062723c751e8b465ee728b) (PreviewImporter) -> (artifact id: 'd78fc8479a808110de2bfb356925cef0') in 0.0143475 seconds
Number of updated asset objects reloaded before import = 0Number of asset objects unloaded after import = 3

========================================================================
Received Import Request.
  Time since last request: 17.391164 seconds.
  path: Assets/Custom Tiles/Parking Lot Carpet D_0.asset
  artifactKey: Guid(4dc2cc478ef6d6c47ac9230e1f276d48) Importer(815301076,1909f56bfc062723c751e8b465ee728b)
Start importing Assets/Custom Tiles/Parking Lot Carpet D_0.asset using Guid(4dc2cc478ef6d6c47ac9230e1f276d48) Importer(815301076,1909f56bfc062723c751e8b465ee728b) (PreviewImporter) -> (artifact id: '2a37d484865e2f5b06ecbed03e04f39c') in 0.014011 seconds
Number of updated asset objects reloaded before import = 0Number of asset objects unloaded after import = 3

========================================================================
Received Import Request.
  Time since last request: 8.707143 seconds.
  path: Assets/Custom Tiles/Parking Lot Palette.prefab
  artifactKey: Guid(1b579992ddd768a4e92b1d29dff83819) Importer(815301076,1909f56bfc062723c751e8b465ee728b)
Start importing Assets/Custom Tiles/Parking Lot Palette.prefab using Guid(1b579992ddd768a4e92b1d29dff83819) Importer(815301076,1909f56bfc062723c751e8b465ee728b) (PreviewImporter) -> (artifact id: 'da2c0bbb50990b7925e1745713828a82') in 0.3073497 seconds
Number of updated asset objects reloaded before import = 0Number of asset objects unloaded after import = 67

========================================================================
Received Import Request.
  Time since last request: 5.568192 seconds.
  path: Assets/Custom Tiles/Parking Lot Carpet M_0.asset
  artifactKey: Guid(f469c8b0f20d1bb4b9ba2a38fc41335e) Importer(815301076,1909f56bfc062723c751e8b465ee728b)
Start importing Assets/Custom Tiles/Parking Lot Carpet M_0.asset using Guid(f469c8b0f20d1bb4b9ba2a38fc41335e) Importer(815301076,1909f56bfc062723c751e8b465ee728b) (PreviewImporter) -> (artifact id: '4546530ea101096f2d3d2e0e5eed05c8') in 0.0139231 seconds
Number of updated asset objects reloaded before import = 0Number of asset objects unloaded after import = 3

========================================================================
Received Import Request.
  Time since last request: 4.873320 seconds.
  path: Assets/Custom Tiles/Parking Lot Carpet V_0.asset
  artifactKey: Guid(c67d627441e222141a4a62a27f82be8e) Importer(815301076,1909f56bfc062723c751e8b465ee728b)
Start importing Assets/Custom Tiles/Parking Lot Carpet V_0.asset using Guid(c67d627441e222141a4a62a27f82be8e) Importer(815301076,1909f56bfc062723c751e8b465ee728b) (PreviewImporter) -> (artifact id: '2ddbd045bbba0c337aaa6402c15fa769') in 0.0128667 seconds
Number of updated asset objects reloaded before import = 0Number of asset objects unloaded after import = 3

========================================================================
Received Import Request.
  Time since last request: 72.962265 seconds.
  path: Assets/Custom Tiles/Walls.prefab
  artifactKey: Guid(83ad515daa15cc14cb23a507769b17f3) Importer(815301076,1909f56bfc062723c751e8b465ee728b)
Start importing Assets/Custom Tiles/Walls.prefab using Guid(83ad515daa15cc14cb23a507769b17f3) Importer(815301076,1909f56bfc062723c751e8b465ee728b) (PreviewImporter) -> (artifact id: '093a63e33f69b10cce62d02f2d070f5d') in 0.015177 seconds
Number of updated asset objects reloaded before import = 0Number of asset objects unloaded after import = 10

========================================================================
Received Import Request.
  Time since last request: 6.591527 seconds.
  path: Assets/Custom Tiles/Brick Wall_0.asset
  artifactKey: Guid(d01a32a0841d30248a93faae153dd7d8) Importer(815301076,1909f56bfc062723c751e8b465ee728b)
Start importing Assets/Custom Tiles/Brick Wall_0.asset using Guid(d01a32a0841d30248a93faae153dd7d8) Importer(815301076,1909f56bfc062723c751e8b465ee728b) (PreviewImporter) -> (artifact id: '46378cb40785327baac8e57ec97ebb13') in 0.0455104 seconds
Number of updated asset objects reloaded before import = 0Number of asset objects unloaded after import = 3

========================================================================
Received Import Request.
  Time since last request: 317.031576 seconds.
  path: Assets/Custom Tiles/Square.png
  artifactKey: Guid(f9657881a8d770f42b0aa6ce1e9cd73f) Importer(815301076,1909f56bfc062723c751e8b465ee728b)
Start importing Assets/Custom Tiles/Square.png using Guid(f9657881a8d770f42b0aa6ce1e9cd73f) Importer(815301076,1909f56bfc062723c751e8b465ee728b) (PreviewImporter) -> (artifact id: '03949c55dbbd0077c1d2672a00675235') in 0.019244 seconds
Number of updated asset objects reloaded before import = 0Number of asset objects unloaded after import = 3

========================================================================
Received Import Request.
  Time since last request: 11.311357 seconds.
  path: Assets/Custom Tiles/Square.png
  artifactKey: Guid(f9657881a8d770f42b0aa6ce1e9cd73f) Importer(815301076,1909f56bfc062723c751e8b465ee728b)
Start importing Assets/Custom Tiles/Square.png using Guid(f9657881a8d770f42b0aa6ce1e9cd73f) Importer(815301076,1909f56bfc062723c751e8b465ee728b) (PreviewImporter) -> (artifact id: '02a937b767db77712dab846025be8e63') in 0.0162273 seconds
Number of updated asset objects reloaded before import = 0Number of asset objects unloaded after import = 3

========================================================================
Received Import Request.
  Time since last request: 16.831565 seconds.
  path: Assets/Custom Tiles/Reception Palette.prefab
  artifactKey: Guid(ce390ecb091a2444d9277e4d1c6107c0) Importer(815301076,1909f56bfc062723c751e8b465ee728b)
Start importing Assets/Custom Tiles/Reception Palette.prefab using Guid(ce390ecb091a2444d9277e4d1c6107c0) Importer(815301076,1909f56bfc062723c751e8b465ee728b) (PreviewImporter) -> (artifact id: '1b1288b6289928cdd1b75a4f5e3e5e17') in 0.02248 seconds
Number of updated asset objects reloaded before import = 0Number of asset objects unloaded after import = 34

========================================================================
Received Import Request.
  Time since last request: 7.184423 seconds.
  path: Assets/Custom Tiles/Reception Palette.prefab
  artifactKey: Guid(ce390ecb091a2444d9277e4d1c6107c0) Importer(815301076,1909f56bfc062723c751e8b465ee728b)
Start importing Assets/Custom Tiles/Reception Palette.prefab using Guid(ce390ecb091a2444d9277e4d1c6107c0) Importer(815301076,1909f56bfc062723c751e8b465ee728b) (PreviewImporter) -> (artifact id: '4b16acc51bdbc40ea23ebf237224554c') in 0.0191163 seconds
Number of updated asset objects reloaded before import = 0Number of asset objects unloaded after import = 33

========================================================================
Received Import Request.
  Time since last request: 29.418166 seconds.
  path: Assets/Custom Tiles/Reception Palette.prefab
  artifactKey: Guid(ce390ecb091a2444d9277e4d1c6107c0) Importer(815301076,1909f56bfc062723c751e8b465ee728b)
Start importing Assets/Custom Tiles/Reception Palette.prefab using Guid(ce390ecb091a2444d9277e4d1c6107c0) Importer(815301076,1909f56bfc062723c751e8b465ee728b) (PreviewImporter) -> (artifact id: 'e07ab8580dec3f680a9171bc72793eec') in 0.0188949 seconds
Number of updated asset objects reloaded before import = 0Number of asset objects unloaded after import = 31

========================================================================
Received Import Request.
  Time since last request: 10.421435 seconds.
  path: Assets/Custom Tiles/Parking Lot
  artifactKey: Guid(cb733a7bb05d24b4886663579d86620a) Importer(815301076,1909f56bfc062723c751e8b465ee728b)
Start importing Assets/Custom Tiles/Parking Lot using Guid(cb733a7bb05d24b4886663579d86620a) Importer(815301076,1909f56bfc062723c751e8b465ee728b) (PreviewImporter) -> (artifact id: 'd7994cc2806c01ae62e7df85d37aef9e') in 0.0006276 seconds
Number of updated asset objects reloaded before import = 0Number of asset objects unloaded after import = 0

========================================================================
Received Import Request.
  Time since last request: 23.227308 seconds.
  path: Assets/Custom Tiles/Walls.prefab
  artifactKey: Guid(83ad515daa15cc14cb23a507769b17f3) Importer(815301076,1909f56bfc062723c751e8b465ee728b)
Start importing Assets/Custom Tiles/Walls.prefab using Guid(83ad515daa15cc14cb23a507769b17f3) Importer(815301076,1909f56bfc062723c751e8b465ee728b) (PreviewImporter) -> (artifact id: '5162e6104d55a46ced894634dd96fc50') in 0.0168844 seconds
Number of updated asset objects reloaded before import = 0Number of asset objects unloaded after import = 16

========================================================================
Received Import Request.
  Time since last request: 283.480582 seconds.
  path: Assets/Prefabs
  artifactKey: Guid(37beb3a3a76da76498058ac7dcd1b9ac) Importer(815301076,1909f56bfc062723c751e8b465ee728b)
Start importing Assets/Prefabs using Guid(37beb3a3a76da76498058ac7dcd1b9ac) Importer(815301076,1909f56bfc062723c751e8b465ee728b) (PreviewImporter) -> (artifact id: 'b6653f6d6acd99ae0d1e157a6bace980') in 0.0007185 seconds
Number of updated asset objects reloaded before import = 0Number of asset objects unloaded after import = 0

========================================================================
Received Import Request.
  Time since last request: 1.197635 seconds.
  path: Assets/Prefabs/Traps
  artifactKey: Guid(fc4f42df9f2bc724eb6b9ea80edce246) Importer(815301076,1909f56bfc062723c751e8b465ee728b)
Start importing Assets/Prefabs/Traps using Guid(fc4f42df9f2bc724eb6b9ea80edce246) Importer(815301076,1909f56bfc062723c751e8b465ee728b) (PreviewImporter) -> (artifact id: '12198c31ad0b134c31c019f6e53d8a84') in 0.0006626 seconds
Number of updated asset objects reloaded before import = 0Number of asset objects unloaded after import = 0

========================================================================
Received Import Request.
  Time since last request: 0.037481 seconds.
  path: Assets/Prefabs/Traps/CarLauncher.prefab
  artifactKey: Guid(40afdeb64c6c4204f90e941bb8bd7f21) Importer(815301076,1909f56bfc062723c751e8b465ee728b)
Start importing Assets/Prefabs/Traps/CarLauncher.prefab using Guid(40afdeb64c6c4204f90e941bb8bd7f21) Importer(815301076,1909f56bfc062723c751e8b465ee728b) (PreviewImporter) -> (artifact id: 'b087a34ac0d0b5a8173fcd0099ba0d47') in 0.0187514 seconds
Number of updated asset objects reloaded before import = 0Number of asset objects unloaded after import = 19

========================================================================
Received Import Request.
  Time since last request: 2457.282745 seconds.
  path: Assets/Custom Tiles/Beige Capet Horizontal.png
  artifactKey: Guid(1e050452c0a703647b40a3b5fd13645d) Importer(815301076,1909f56bfc062723c751e8b465ee728b)
Start importing Assets/Custom Tiles/Beige Capet Horizontal.png using Guid(1e050452c0a703647b40a3b5fd13645d) Importer(815301076,1909f56bfc062723c751e8b465ee728b) (PreviewImporter) -> (artifact id: '7d173bc38639ab3db3cd6007ebce7a55') in 0.0345554 seconds
Number of updated asset objects reloaded before import = 0Number of asset objects unloaded after import = 3

========================================================================
Received Import Request.
  Time since last request: 0.000034 seconds.
  path: Assets/Custom Tiles/Black Carpet Horizontal.png
  artifactKey: Guid(86317b828fd65bd4392223d6ee2df23a) Importer(815301076,1909f56bfc062723c751e8b465ee728b)
Start importing Assets/Custom Tiles/Black Carpet Horizontal.png using Guid(86317b828fd65bd4392223d6ee2df23a) Importer(815301076,1909f56bfc062723c751e8b465ee728b) (PreviewImporter) -> (artifact id: '330672057df2828780b6563ace77eab4') in 0.0140517 seconds
Number of updated asset objects reloaded before import = 0Number of asset objects unloaded after import = 3

========================================================================
Received Import Request.
  Time since last request: 0.000027 seconds.
  path: Assets/Custom Tiles/Black Carpet Vertical.png
  artifactKey: Guid(e3b842ba5f297324284f6031be00c905) Importer(815301076,1909f56bfc062723c751e8b465ee728b)
Start importing Assets/Custom Tiles/Black Carpet Vertical.png using Guid(e3b842ba5f297324284f6031be00c905) Importer(815301076,1909f56bfc062723c751e8b465ee728b) (PreviewImporter) -> (artifact id: 'd73ec5db99fe26007b7dbbffc45ddbf2') in 0.0145487 seconds
Number of updated asset objects reloaded before import = 0Number of asset objects unloaded after import = 3

========================================================================
Received Import Request.
  Time since last request: 0.000023 seconds.
  path: Assets/Custom Tiles/Grey Carpet Vertical.png
  artifactKey: Guid(904fea64f9ec20141b6fea8556cf187c) Importer(815301076,1909f56bfc062723c751e8b465ee728b)
Start importing Assets/Custom Tiles/Grey Carpet Vertical.png using Guid(904fea64f9ec20141b6fea8556cf187c) Importer(815301076,1909f56bfc062723c751e8b465ee728b) (PreviewImporter) -> (artifact id: '6851a428c43293d6089f4de455ec906a') in 0.015933 seconds
Number of updated asset objects reloaded before import = 0Number of asset objects unloaded after import = 3

========================================================================
Received Import Request.
  Time since last request: 9.645199 seconds.
  path: Assets/Custom Tiles/Black Carpet Horizontal.png
  artifactKey: Guid(86317b828fd65bd4392223d6ee2df23a) Importer(815301076,1909f56bfc062723c751e8b465ee728b)
Start importing Assets/Custom Tiles/Black Carpet Horizontal.png using Guid(86317b828fd65bd4392223d6ee2df23a) Importer(815301076,1909f56bfc062723c751e8b465ee728b) (PreviewImporter) -> (artifact id: 'a62d08182085cf2ae09a13290ae8ccef') in 0.0137488 seconds
Number of updated asset objects reloaded before import = 0Number of asset objects unloaded after import = 3

========================================================================
Received Import Request.
  Time since last request: 0.000019 seconds.
  path: Assets/Custom Tiles/Beige Capet Horizontal.png
  artifactKey: Guid(1e050452c0a703647b40a3b5fd13645d) Importer(815301076,1909f56bfc062723c751e8b465ee728b)
Start importing Assets/Custom Tiles/Beige Capet Horizontal.png using Guid(1e050452c0a703647b40a3b5fd13645d) Importer(815301076,1909f56bfc062723c751e8b465ee728b) (PreviewImporter) -> (artifact id: '51238c9882b0eb39058c94f4d450e612') in 0.0286329 seconds
Number of updated asset objects reloaded before import = 0Number of asset objects unloaded after import = 3

========================================================================
Received Import Request.
  Time since last request: 0.000018 seconds.
  path: Assets/Custom Tiles/Green Carpet Horizontal.png
  artifactKey: Guid(38ad4f9088da14e49b8377140d66e5d5) Importer(815301076,1909f56bfc062723c751e8b465ee728b)
Start importing Assets/Custom Tiles/Green Carpet Horizontal.png using Guid(38ad4f9088da14e49b8377140d66e5d5) Importer(815301076,1909f56bfc062723c751e8b465ee728b) (PreviewImporter) -> (artifact id: '16e60b9ce481dd22a5fa25be7fc8a65e') in 0.0096483 seconds
Number of updated asset objects reloaded before import = 0Number of asset objects unloaded after import = 3

========================================================================
Received Import Request.
  Time since last request: 0.000020 seconds.
  path: Assets/Custom Tiles/Grey Carpet Vertical.png
  artifactKey: Guid(904fea64f9ec20141b6fea8556cf187c) Importer(815301076,1909f56bfc062723c751e8b465ee728b)
Start importing Assets/Custom Tiles/Grey Carpet Vertical.png using Guid(904fea64f9ec20141b6fea8556cf187c) Importer(815301076,1909f56bfc062723c751e8b465ee728b) (PreviewImporter) -> (artifact id: '6b027a83b543b8bfd7866ba314cf8f99') in 0.0093271 seconds
Number of updated asset objects reloaded before import = 0Number of asset objects unloaded after import = 3

========================================================================
Received Import Request.
  Time since last request: 24.735159 seconds.
  path: Assets/Custom Tiles/Office.prefab
  artifactKey: Guid(5de5a7937f548be4b9cdda78a532ba07) Importer(815301076,1909f56bfc062723c751e8b465ee728b)
Start importing Assets/Custom Tiles/Office.prefab using Guid(5de5a7937f548be4b9cdda78a532ba07) Importer(815301076,1909f56bfc062723c751e8b465ee728b) (PreviewImporter) -> (artifact id: 'bbfa34dc3558a2d095092d8e67510375') in 0.0151703 seconds
Number of updated asset objects reloaded before import = 0Number of asset objects unloaded after import = 10

========================================================================
Received Import Request.
  Time since last request: 4.530716 seconds.
  path: Assets/Custom Tiles/Beige Capet Horizontal_0.asset
  artifactKey: Guid(2ae8481355c884045bf46122a0ca2c03) Importer(815301076,1909f56bfc062723c751e8b465ee728b)
Start importing Assets/Custom Tiles/Beige Capet Horizontal_0.asset using Guid(2ae8481355c884045bf46122a0ca2c03) Importer(815301076,1909f56bfc062723c751e8b465ee728b) (PreviewImporter) -> (artifact id: '875454a670ea9c86ec6a49fdfa6c920f') in 0.01549 seconds
Number of updated asset objects reloaded before import = 0Number of asset objects unloaded after import = 3

========================================================================
Received Import Request.
  Time since last request: 5.204533 seconds.
  path: Assets/Custom Tiles/Beige Carpet Vertical_0.asset
  artifactKey: Guid(8ecd3624bae85e0469c91bf64c1f6f10) Importer(815301076,1909f56bfc062723c751e8b465ee728b)
Start importing Assets/Custom Tiles/Beige Carpet Vertical_0.asset using Guid(8ecd3624bae85e0469c91bf64c1f6f10) Importer(815301076,1909f56bfc062723c751e8b465ee728b) (PreviewImporter) -> (artifact id: 'e730ddf056e0ef447a1e2649d9148249') in 0.0157739 seconds
Number of updated asset objects reloaded before import = 0Number of asset objects unloaded after import = 3

========================================================================
Received Import Request.
  Time since last request: 22.530665 seconds.
  path: Assets/Custom Tiles/Black Carpet Horizontal_0.asset
  artifactKey: Guid(4f13cc4f67c198c4c9c90a96f1d291e0) Importer(815301076,1909f56bfc062723c751e8b465ee728b)
Start importing Assets/Custom Tiles/Black Carpet Horizontal_0.asset using Guid(4f13cc4f67c198c4c9c90a96f1d291e0) Importer(815301076,1909f56bfc062723c751e8b465ee728b) (PreviewImporter) -> (artifact id: '2db69b63fc514385aae38a0a7ccfe7c7') in 0.0131001 seconds
Number of updated asset objects reloaded before import = 0Number of asset objects unloaded after import = 3

========================================================================
Received Import Request.
  Time since last request: 6.139276 seconds.
  path: Assets/Custom Tiles/Black Carpet Vertical_0.asset
  artifactKey: Guid(c4e8a5197cae5804293891f43f7b8ccb) Importer(815301076,1909f56bfc062723c751e8b465ee728b)
Start importing Assets/Custom Tiles/Black Carpet Vertical_0.asset using Guid(c4e8a5197cae5804293891f43f7b8ccb) Importer(815301076,1909f56bfc062723c751e8b465ee728b) (PreviewImporter) -> (artifact id: 'e150edf7ca3df12f1bb1767eb8afde6f') in 0.0145061 seconds
Number of updated asset objects reloaded before import = 0Number of asset objects unloaded after import = 3

========================================================================
Received Import Request.
  Time since last request: 8.524040 seconds.
  path: Assets/Custom Tiles/Green Carpet Horizontal_0.asset
  artifactKey: Guid(e7de3b43ed5608d4fb4a43cb241385f1) Importer(815301076,1909f56bfc062723c751e8b465ee728b)
Start importing Assets/Custom Tiles/Green Carpet Horizontal_0.asset using Guid(e7de3b43ed5608d4fb4a43cb241385f1) Importer(815301076,1909f56bfc062723c751e8b465ee728b) (PreviewImporter) -> (artifact id: '423b061dd4081c2defda344a8e35a948') in 0.0142363 seconds
Number of updated asset objects reloaded before import = 0Number of asset objects unloaded after import = 3

========================================================================
Received Import Request.
  Time since last request: 2.793674 seconds.
  path: Assets/Custom Tiles/Green Carpet Vertical_0.asset
  artifactKey: Guid(73b4c26684f5bba45bd6fab503fc7c65) Importer(815301076,1909f56bfc062723c751e8b465ee728b)
Start importing Assets/Custom Tiles/Green Carpet Vertical_0.asset using Guid(73b4c26684f5bba45bd6fab503fc7c65) Importer(815301076,1909f56bfc062723c751e8b465ee728b) (PreviewImporter) -> (artifact id: 'ba6915ae198b5e8d278037395c322b27') in 0.0132916 seconds
Number of updated asset objects reloaded before import = 0Number of asset objects unloaded after import = 3

========================================================================
Received Import Request.
  Time since last request: 9.030584 seconds.
  path: Assets/Custom Tiles/Grey Carpet Horizontal_0.asset
  artifactKey: Guid(b4a3d44041bd25743b247d46e9be6723) Importer(815301076,1909f56bfc062723c751e8b465ee728b)
Start importing Assets/Custom Tiles/Grey Carpet Horizontal_0.asset using Guid(b4a3d44041bd25743b247d46e9be6723) Importer(815301076,1909f56bfc062723c751e8b465ee728b) (PreviewImporter) -> (artifact id: '92ea1ca6f1b081c037558424a00aa0a4') in 0.0136366 seconds
Number of updated asset objects reloaded before import = 0Number of asset objects unloaded after import = 3

========================================================================
Received Import Request.
  Time since last request: 4.230231 seconds.
  path: Assets/Custom Tiles/Grey Carpet Vertical_0.asset
  artifactKey: Guid(f3e53a3eb53293e419008376a563cb25) Importer(815301076,1909f56bfc062723c751e8b465ee728b)
Start importing Assets/Custom Tiles/Grey Carpet Vertical_0.asset using Guid(f3e53a3eb53293e419008376a563cb25) Importer(815301076,1909f56bfc062723c751e8b465ee728b) (PreviewImporter) -> (artifact id: '4e47b4ca880b74b6cf2cae16c6042903') in 0.0251558 seconds
Number of updated asset objects reloaded before import = 0Number of asset objects unloaded after import = 3

========================================================================
Received Prepare
Begin MonoManager ReloadAssembly
[Licensing::Client] Successfully resolved entitlement details
- Loaded All Assemblies, in  0.601 seconds
Refreshing native plugins compatible for Editor in 0.48 ms, found 0 plugins.
Native extension for WindowsStandalone target not found
Mono: successfully reloaded assembly
- Finished resetting the current domain, in  0.306 seconds
Domain Reload Profiling: 906ms
	BeginReloadAssembly (375ms)
		ExecutionOrderSort (0ms)
		DisableScriptedObjects (52ms)
		BackupInstance (0ms)
		ReleaseScriptingObjects (1ms)
		CreateAndSetChildDomain (130ms)
	RebuildCommonClasses (39ms)
	RebuildNativeTypeToScriptingClass (15ms)
	initialDomainReloadingComplete (29ms)
	LoadAllAssembliesAndSetupDomain (141ms)
		LoadAssemblies (222ms)
		RebuildTransferFunctionScriptingTraits (0ms)
		AnalyzeDomain (25ms)
			TypeCache.Refresh (12ms)
				TypeCache.ScanAssembly (1ms)
			BuildScriptInfoCaches (11ms)
			ResolveRequiredComponents (0ms)
	FinalizeReload (307ms)
		ReleaseScriptCaches (0ms)
		RebuildScriptCaches (0ms)
		SetupLoadedEditorAssemblies (222ms)
			LogAssemblyErrors (0ms)
			InitializePlatformSupportModulesInManaged (2ms)
			SetLoadedEditorAssemblies (3ms)
			BeforeProcessingInitializeOnLoad (108ms)
			ProcessInitializeOnLoadAttributes (86ms)
			ProcessInitializeOnLoadMethodAttributes (15ms)
			AfterProcessingInitializeOnLoad (7ms)
			EditorAssembliesLoaded (0ms)
		ExecutionOrderSort2 (0ms)
		AwakeInstancesAfterBackupRestoration (7ms)
Refreshing native plugins compatible for Editor in 0.39 ms, found 0 plugins.
Preloading 0 native plugins for Editor in 0.00 ms.
Unloading 0 Unused Serialized files (Serialized files now loaded: 0)
Unloading 199 unused Assets / (11.4 MB). Loaded Objects now: 735.
Memory consumption went from 113.5 MB to 102.1 MB.
Total: 6.365200 ms (FindLiveObjects: 0.062000 ms CreateObjectMapping: 0.010200 ms MarkObjects: 3.773500 ms  DeleteObjects: 2.518900 ms)

Prepare: number of updated asset objects reloaded= 113
AssetImportWorkerClient::OnTransportError - code=10054 error=An existing connection was forcibly closed by the remote host.
